<?xml version="1.0" encoding="UTF-8"?>
<!-- Generated by org.testng.reporters.JUnitXMLReporter -->
<testsuite ignored="0" hostname="MSI" failures="1" tests="1" name="Test1" time="17.457" errors="0" timestamp="2024-02-29T16:25:22 IST">
  <testcase classname="uk.co.automationtesting.AddOrDeleteProductsTest" name="addOrDeleteProduct" time="11.406">
    <failure type="java.lang.AssertionError" message="Cart amount did not match the expected amount, it found$26.12 expected $26.1">
      <![CDATA[java.lang.AssertionError: Cart amount did not match the expected amount, it found$26.12 expected $26.1
at uk.co.automationtesting.AddOrDeleteProductsTest.addOrDeleteProduct(AddOrDeleteProductsTest.java:94)
at java.base/java.util.ArrayList.forEach(ArrayList.java:1511)
at java.base/java.util.concurrent.FutureTask.run(FutureTask.java:264)
at java.base/java.util.concurrent.ThreadPoolExecutor.runWorker(ThreadPoolExecutor.java:1130)
at java.base/java.util.concurrent.ThreadPoolExecutor$Worker.run(ThreadPoolExecutor.java:630)
at java.base/java.lang.Thread.run(Thread.java:832)
... Removed 18 stack frames]]>
    </failure>
  </testcase> <!-- addOrDeleteProduct -->
</testsuite> <!-- Test1 -->
